<?xml version="1.0" encoding="UTF-8"?>
<!-- Generated by org.testng.reporters.JUnitReportReporter -->
<testsuite skipped="0" hostname="Humaira" name="com.orangehrmlive.demo_opensource.testsuite.LoginPageTest" tests="1" failures="0" timestamp="2022-12-12T15:06:16 GMT" time="9.931" errors="0">
  <testcase name="userShouldLoginSuccessfullyWithValidCredentials" time="9.931" classname="com.orangehrmlive.demo_opensource.testsuite.LoginPageTest"/>
  <system-out>
    <![CDATA[Enter the username in the username field[[ChromeDriver: chrome on WINDOWS (c628406f17c2e79fb00a5e0d205b71a5)] -> name: username]
Enter the password in the password field[[ChromeDriver: chrome on WINDOWS (c628406f17c2e79fb00a5e0d205b71a5)] -> name: password]
Click on the login button[[ChromeDriver: chrome on WINDOWS (c628406f17c2e79fb00a5e0d205b71a5)] -> xpath: //button[contains(@class, 'oxd-button oxd-button--medium oxd-button--main orangehrm-login-button')]]
Verify the login was successful text[[ChromeDriver: chrome on WINDOWS (c628406f17c2e79fb00a5e0d205b71a5)] -> xpath: //span/h6[contains(@class, 'oxd-text oxd-text--h6 oxd-topbar-header-breadcrumb-module')]]]]>
  </system-out>
</testsuite> <!-- com.orangehrmlive.demo_opensource.testsuite.LoginPageTest -->
