<?xml version="1.0" encoding="UTF-8"?>
<!-- Generated by org.testng.reporters.JUnitReportReporter -->
<testsuite skipped="0" hostname="Humaira" name="com.orangehrmlive.demo_opensource.testsuite.ForgotPasswordPageTest" tests="1" failures="0" timestamp="2022-12-12T15:06:16 GMT" time="8.592" errors="0">
  <testcase name="serShouldNavigateToForgotPasswordPageSuccessfully" time="8.592" classname="com.orangehrmlive.demo_opensource.testsuite.ForgotPasswordPageTest"/>
  <system-out>
    <![CDATA[Click on Forgotten password link[[ChromeDriver: chrome on WINDOWS (0691c62ae8e610ed0a91ba8860e42151)] -> xpath: //p[text() = 'Forgot your password? ']]
Verify the reset Password text[[ChromeDriver: chrome on WINDOWS (0691c62ae8e610ed0a91ba8860e42151)] -> xpath: //h6[contains(@class, 'oxd-text oxd-text--h6 orangehrm-forgot-password-title')]]]]>
  </system-out>
</testsuite> <!-- com.orangehrmlive.demo_opensource.testsuite.ForgotPasswordPageTest -->
